[ 2026-05-17 18:42:38,279 ] 1025 httpx - INFO - HTTP Request: GET https://dagshub.com/api/v1/user "HTTP/1.1 200 OK"
[ 2026-05-17 18:42:38,312 ] 107 dagshub - INFO - Accessing as BikashBIOS
[ 2026-05-17 18:42:39,544 ] 1025 httpx - INFO - HTTP Request: GET https://dagshub.com/api/v1/repos/BikashBIOS/Network-Security "HTTP/1.1 200 OK"
[ 2026-05-17 18:42:40,681 ] 1025 httpx - INFO - HTTP Request: GET https://dagshub.com/api/v1/user "HTTP/1.1 200 OK"
[ 2026-05-17 18:42:40,685 ] 107 dagshub - INFO - Initialized MLflow to track repo "BikashBIOS/Network-Security"
[ 2026-05-17 18:42:40,686 ] 107 dagshub - INFO - Repository BikashBIOS/Network-Security initialized!
[ 2026-05-17 18:42:40,687 ] 16 root - INFO - Initiate Data Ingestion
[ 2026-05-17 18:42:49,011 ] 68 root - INFO - Performed train test split on the dataframe
[ 2026-05-17 18:42:49,011 ] 70 root - INFO - Exited split_data_as_train_test method of Data_Ingestion class
[ 2026-05-17 18:42:49,011 ] 78 root - INFO - Exporting train and test file path.
[ 2026-05-17 18:42:49,070 ] 87 root - INFO - Exported train and test file path.
[ 2026-05-17 18:42:49,074 ] 18 root - INFO - data initiation completed
[ 2026-05-17 18:42:49,098 ] 22 root - INFO - data validation initiation
[ 2026-05-17 18:42:49,164 ] 33 root - INFO - Required no. of columns: 2
[ 2026-05-17 18:42:49,164 ] 34 root - INFO - Data frame has columns : 32
[ 2026-05-17 18:42:49,164 ] 33 root - INFO - Required no. of columns: 2
[ 2026-05-17 18:42:49,164 ] 34 root - INFO - Data frame has columns : 32
[ 2026-05-17 18:42:49,311 ] 24 root - INFO - Data Validation completed
[ 2026-05-17 18:42:49,312 ] 27 root - INFO - Data Transformation started
[ 2026-05-17 18:42:49,312 ] 63 root - INFO - Entered initaite_data_transformation method
[ 2026-05-17 18:42:49,312 ] 65 root - INFO - Starting data transformation
[ 2026-05-17 18:42:49,342 ] 49 root - INFO - Entered get_data_transformer_object method of Transformation class
[ 2026-05-17 18:42:49,342 ] 54 root - INFO - Initialise KNNImputer with {'missing_values': nan, 'n_neighbors': 3, 'weights': 'uniform'}
[ 2026-05-17 18:42:49,356 ] 48 root - INFO - Entered the save_object method of MainUtils class
[ 2026-05-17 18:42:49,358 ] 52 root - INFO - Exited the save_object method of MainUtils class
[ 2026-05-17 18:42:49,358 ] 48 root - INFO - Entered the save_object method of MainUtils class
[ 2026-05-17 18:42:49,361 ] 52 root - INFO - Exited the save_object method of MainUtils class
[ 2026-05-17 18:42:49,362 ] 31 root - INFO - Data Transformation completed.
[ 2026-05-17 18:42:49,362 ] 33 root - INFO - Model Training stared
