[ 2026-05-16 13:38:04,437 ] 1025 httpx - INFO - HTTP Request: GET https://dagshub.com/api/v1/user "HTTP/1.1 200 OK"
[ 2026-05-16 13:38:04,446 ] 107 dagshub - INFO - Accessing as BikashBIOS
[ 2026-05-16 13:38:05,659 ] 1025 httpx - INFO - HTTP Request: GET https://dagshub.com/api/v1/repos/BikashBIOS/Network-Security "HTTP/1.1 200 OK"
[ 2026-05-16 13:38:06,842 ] 1025 httpx - INFO - HTTP Request: GET https://dagshub.com/api/v1/user "HTTP/1.1 200 OK"
[ 2026-05-16 13:38:06,845 ] 107 dagshub - INFO - Initialized MLflow to track repo "BikashBIOS/Network-Security"
[ 2026-05-16 13:38:06,847 ] 107 dagshub - INFO - Repository BikashBIOS/Network-Security initialized!
[ 2026-05-16 13:38:06,852 ] 16 root - INFO - Initiate Data Ingestion
[ 2026-05-16 13:38:14,599 ] 68 root - INFO - Performed train test split on the dataframe
[ 2026-05-16 13:38:14,599 ] 70 root - INFO - Exited split_data_as_train_test method of Data_Ingestion class
[ 2026-05-16 13:38:14,599 ] 78 root - INFO - Exporting train and test file path.
[ 2026-05-16 13:38:14,657 ] 87 root - INFO - Exported train and test file path.
[ 2026-05-16 13:38:14,661 ] 18 root - INFO - data initiation completed
[ 2026-05-16 13:38:14,681 ] 22 root - INFO - data validation initiation
[ 2026-05-16 13:38:14,741 ] 33 root - INFO - Required no. of columns: 2
[ 2026-05-16 13:38:14,741 ] 34 root - INFO - Data frame has columns : 32
[ 2026-05-16 13:38:14,741 ] 33 root - INFO - Required no. of columns: 2
[ 2026-05-16 13:38:14,741 ] 34 root - INFO - Data frame has columns : 32
[ 2026-05-16 13:38:14,886 ] 24 root - INFO - Data Validation completed
[ 2026-05-16 13:38:14,886 ] 27 root - INFO - Data Transformation started
[ 2026-05-16 13:38:14,886 ] 63 root - INFO - Entered initaite_data_transformation method
[ 2026-05-16 13:38:14,886 ] 65 root - INFO - Starting data transformation
[ 2026-05-16 13:38:14,925 ] 49 root - INFO - Entered get_data_transformer_object method of Transformation class
[ 2026-05-16 13:38:14,925 ] 54 root - INFO - Initialise KNNImputer with {'missing_values': nan, 'n_neighbors': 3, 'weights': 'uniform'}
[ 2026-05-16 13:38:14,936 ] 48 root - INFO - Entered the save_object method of MainUtils class
[ 2026-05-16 13:38:14,938 ] 52 root - INFO - Exited the save_object method of MainUtils class
[ 2026-05-16 13:38:14,938 ] 48 root - INFO - Entered the save_object method of MainUtils class
[ 2026-05-16 13:38:14,940 ] 52 root - INFO - Exited the save_object method of MainUtils class
[ 2026-05-16 13:38:14,942 ] 31 root - INFO - Data Transformation completed.
[ 2026-05-16 13:38:14,942 ] 33 root - INFO - Model Training stared
[ 2026-05-16 13:43:01,302 ] 48 root - INFO - Entered the save_object method of MainUtils class
[ 2026-05-16 13:43:01,302 ] 52 root - INFO - Exited the save_object method of MainUtils class
[ 2026-05-16 13:43:01,302 ] 48 root - INFO - Entered the save_object method of MainUtils class
[ 2026-05-16 13:43:01,323 ] 52 root - INFO - Exited the save_object method of MainUtils class
[ 2026-05-16 13:43:01,323 ] 131 root - INFO - Model trainer artifact: ModelTrainerArtifact(trained_model_file_path='Artifacts\\05_16_2026_13_37_57\\model_trainer\\trained_model\\model.pkl', train_metric_artifact=ClassificationMetricArtifact(f1_score=0.9914668833807395, precision_score=0.9900588354635829, recall_score=0.9928789420142421), test_metric_artifact=ClassificationMetricArtifact(f1_score=0.97508038585209, precision_score=0.9735152487961477, recall_score=0.9766505636070854))
[ 2026-05-16 13:43:01,327 ] 37 root - INFO - Model Training artifact created
