[ 2026-05-16 13:19:48,926 ] 1025 httpx - INFO - HTTP Request: GET https://dagshub.com/api/v1/user "HTTP/1.1 200 OK"
[ 2026-05-16 13:19:48,953 ] 107 dagshub - INFO - Accessing as BikashBIOS
[ 2026-05-16 13:19:50,596 ] 1025 httpx - INFO - HTTP Request: GET https://dagshub.com/api/v1/repos/BikashBIOS/Network-Security "HTTP/1.1 200 OK"
[ 2026-05-16 13:19:51,867 ] 1025 httpx - INFO - HTTP Request: GET https://dagshub.com/api/v1/user "HTTP/1.1 200 OK"
[ 2026-05-16 13:19:51,871 ] 107 dagshub - INFO - Initialized MLflow to track repo "BikashBIOS/Network-Security"
[ 2026-05-16 13:19:51,872 ] 107 dagshub - INFO - Repository BikashBIOS/Network-Security initialized!
[ 2026-05-16 13:19:51,877 ] 16 root - INFO - Initiate Data Ingestion
[ 2026-05-16 13:19:59,684 ] 68 root - INFO - Performed train test split on the dataframe
[ 2026-05-16 13:19:59,684 ] 70 root - INFO - Exited split_data_as_train_test method of Data_Ingestion class
[ 2026-05-16 13:19:59,684 ] 78 root - INFO - Exporting train and test file path.
[ 2026-05-16 13:19:59,742 ] 87 root - INFO - Exported train and test file path.
[ 2026-05-16 13:19:59,745 ] 18 root - INFO - data initiation completed
[ 2026-05-16 13:19:59,768 ] 22 root - INFO - data validation initiation
[ 2026-05-16 13:19:59,836 ] 33 root - INFO - Required no. of columns: 2
[ 2026-05-16 13:19:59,837 ] 34 root - INFO - Data frame has columns : 32
[ 2026-05-16 13:19:59,837 ] 33 root - INFO - Required no. of columns: 2
[ 2026-05-16 13:19:59,837 ] 34 root - INFO - Data frame has columns : 32
[ 2026-05-16 13:19:59,977 ] 24 root - INFO - Data Validation completed
[ 2026-05-16 13:19:59,977 ] 27 root - INFO - Data Transformation started
[ 2026-05-16 13:19:59,977 ] 63 root - INFO - Entered initaite_data_transformation method
[ 2026-05-16 13:19:59,977 ] 65 root - INFO - Starting data transformation
[ 2026-05-16 13:20:00,019 ] 49 root - INFO - Entered get_data_transformer_object method of Transformation class
[ 2026-05-16 13:20:00,019 ] 54 root - INFO - Initialise KNNImputer with {'missing_values': nan, 'n_neighbors': 3, 'weights': 'uniform'}
[ 2026-05-16 13:20:00,032 ] 48 root - INFO - Entered the save_object method of MainUtils class
[ 2026-05-16 13:20:00,034 ] 52 root - INFO - Exited the save_object method of MainUtils class
[ 2026-05-16 13:20:00,034 ] 48 root - INFO - Entered the save_object method of MainUtils class
[ 2026-05-16 13:20:00,036 ] 52 root - INFO - Exited the save_object method of MainUtils class
[ 2026-05-16 13:20:00,038 ] 31 root - INFO - Data Transformation completed.
[ 2026-05-16 13:20:00,038 ] 33 root - INFO - Model Training stared
[ 2026-05-16 13:29:44,398 ] 869 urllib3.connectionpool - WARNING - Retrying (Retry(total=6, connect=7, read=6, redirect=7, status=7)) after connection broken by 'ConnectionResetError(10054, 'An existing connection was forcibly closed by the remote host', None, 10054, None)': /BikashBIOS/Network-Security.mlflow/api/2.0/mlflow/metrics/get-history?run_uuid=0c04469012f24a9eba776a75591d7b4f&metric_key=training_log_loss&run_id=0c04469012f24a9eba776a75591d7b4f&max_results=25000
[ 2026-05-16 13:33:00,120 ] 48 root - INFO - Entered the save_object method of MainUtils class
[ 2026-05-16 13:33:00,121 ] 52 root - INFO - Exited the save_object method of MainUtils class
[ 2026-05-16 13:33:00,121 ] 48 root - INFO - Entered the save_object method of MainUtils class
[ 2026-05-16 13:33:00,128 ] 52 root - INFO - Exited the save_object method of MainUtils class
[ 2026-05-16 13:33:00,128 ] 131 root - INFO - Model trainer artifact: ModelTrainerArtifact(trained_model_file_path='Artifacts\\05_16_2026_13_19_39\\model_trainer\\trained_model\\model.pkl', train_metric_artifact=ClassificationMetricArtifact(f1_score=0.9911290322580645, precision_score=0.9879421221864951, recall_score=0.9943365695792881), test_metric_artifact=ClassificationMetricArtifact(f1_score=0.9779050736497545, precision_score=0.9707554833468724, recall_score=0.9851607584501236))
[ 2026-05-16 13:33:00,804 ] 37 root - INFO - Model Training artifact created
