[ 2026-05-17 18:45:42,687 ] 1025 httpx - INFO - HTTP Request: GET https://dagshub.com/api/v1/user "HTTP/1.1 200 OK"
[ 2026-05-17 18:45:42,696 ] 107 dagshub - INFO - Accessing as BikashBIOS
[ 2026-05-17 18:45:43,932 ] 1025 httpx - INFO - HTTP Request: GET https://dagshub.com/api/v1/repos/BikashBIOS/Network-Security "HTTP/1.1 200 OK"
[ 2026-05-17 18:45:45,177 ] 1025 httpx - INFO - HTTP Request: GET https://dagshub.com/api/v1/user "HTTP/1.1 200 OK"
[ 2026-05-17 18:45:45,180 ] 107 dagshub - INFO - Initialized MLflow to track repo "BikashBIOS/Network-Security"
[ 2026-05-17 18:45:45,181 ] 107 dagshub - INFO - Repository BikashBIOS/Network-Security initialized!
[ 2026-05-17 18:45:45,182 ] 16 root - INFO - Initiate Data Ingestion
[ 2026-05-17 18:45:52,508 ] 68 root - INFO - Performed train test split on the dataframe
[ 2026-05-17 18:45:52,508 ] 70 root - INFO - Exited split_data_as_train_test method of Data_Ingestion class
[ 2026-05-17 18:45:52,508 ] 78 root - INFO - Exporting train and test file path.
[ 2026-05-17 18:45:52,577 ] 87 root - INFO - Exported train and test file path.
[ 2026-05-17 18:45:52,581 ] 18 root - INFO - data initiation completed
[ 2026-05-17 18:45:52,585 ] 22 root - INFO - data validation initiation
[ 2026-05-17 18:45:52,640 ] 33 root - INFO - Required no. of columns: 2
[ 2026-05-17 18:45:52,640 ] 34 root - INFO - Data frame has columns : 32
[ 2026-05-17 18:45:52,640 ] 33 root - INFO - Required no. of columns: 2
[ 2026-05-17 18:45:52,640 ] 34 root - INFO - Data frame has columns : 32
[ 2026-05-17 18:45:52,806 ] 24 root - INFO - Data Validation completed
[ 2026-05-17 18:45:52,806 ] 27 root - INFO - Data Transformation started
[ 2026-05-17 18:45:52,806 ] 63 root - INFO - Entered initaite_data_transformation method
[ 2026-05-17 18:45:52,806 ] 65 root - INFO - Starting data transformation
[ 2026-05-17 18:45:52,839 ] 49 root - INFO - Entered get_data_transformer_object method of Transformation class
[ 2026-05-17 18:45:52,840 ] 54 root - INFO - Initialise KNNImputer with {'missing_values': nan, 'n_neighbors': 3, 'weights': 'uniform'}
[ 2026-05-17 18:45:52,850 ] 48 root - INFO - Entered the save_object method of MainUtils class
[ 2026-05-17 18:45:52,851 ] 52 root - INFO - Exited the save_object method of MainUtils class
[ 2026-05-17 18:45:52,852 ] 48 root - INFO - Entered the save_object method of MainUtils class
[ 2026-05-17 18:45:52,854 ] 52 root - INFO - Exited the save_object method of MainUtils class
[ 2026-05-17 18:45:52,855 ] 31 root - INFO - Data Transformation completed.
[ 2026-05-17 18:45:52,855 ] 33 root - INFO - Model Training stared
