[ 2026-05-17 18:34:21,294 ] 1025 httpx - INFO - HTTP Request: GET https://dagshub.com/api/v1/user "HTTP/1.1 200 OK"
[ 2026-05-17 18:34:21,302 ] 107 dagshub - INFO - Accessing as BikashBIOS
[ 2026-05-17 18:34:22,543 ] 1025 httpx - INFO - HTTP Request: GET https://dagshub.com/api/v1/repos/BikashBIOS/Network-Security "HTTP/1.1 200 OK"
[ 2026-05-17 18:34:23,789 ] 1025 httpx - INFO - HTTP Request: GET https://dagshub.com/api/v1/user "HTTP/1.1 200 OK"
[ 2026-05-17 18:34:23,790 ] 107 dagshub - INFO - Initialized MLflow to track repo "BikashBIOS/Network-Security"
[ 2026-05-17 18:34:23,791 ] 107 dagshub - INFO - Repository BikashBIOS/Network-Security initialized!
[ 2026-05-17 18:34:23,796 ] 16 root - INFO - Initiate Data Ingestion
[ 2026-05-17 18:34:31,205 ] 68 root - INFO - Performed train test split on the dataframe
[ 2026-05-17 18:34:31,205 ] 70 root - INFO - Exited split_data_as_train_test method of Data_Ingestion class
[ 2026-05-17 18:34:31,206 ] 78 root - INFO - Exporting train and test file path.
[ 2026-05-17 18:34:31,265 ] 87 root - INFO - Exported train and test file path.
[ 2026-05-17 18:34:31,268 ] 18 root - INFO - data initiation completed
[ 2026-05-17 18:34:31,291 ] 22 root - INFO - data validation initiation
[ 2026-05-17 18:34:31,356 ] 33 root - INFO - Required no. of columns: 2
[ 2026-05-17 18:34:31,356 ] 34 root - INFO - Data frame has columns : 32
[ 2026-05-17 18:34:31,356 ] 33 root - INFO - Required no. of columns: 2
[ 2026-05-17 18:34:31,356 ] 34 root - INFO - Data frame has columns : 32
[ 2026-05-17 18:34:31,536 ] 24 root - INFO - Data Validation completed
[ 2026-05-17 18:34:31,536 ] 27 root - INFO - Data Transformation started
[ 2026-05-17 18:34:31,536 ] 63 root - INFO - Entered initaite_data_transformation method
[ 2026-05-17 18:34:31,536 ] 65 root - INFO - Starting data transformation
[ 2026-05-17 18:34:31,575 ] 49 root - INFO - Entered get_data_transformer_object method of Transformation class
[ 2026-05-17 18:34:31,575 ] 54 root - INFO - Initialise KNNImputer with {'missing_values': nan, 'n_neighbors': 3, 'weights': 'uniform'}
[ 2026-05-17 18:34:31,589 ] 48 root - INFO - Entered the save_object method of MainUtils class
[ 2026-05-17 18:34:31,592 ] 52 root - INFO - Exited the save_object method of MainUtils class
[ 2026-05-17 18:34:31,592 ] 48 root - INFO - Entered the save_object method of MainUtils class
[ 2026-05-17 18:34:31,594 ] 52 root - INFO - Exited the save_object method of MainUtils class
[ 2026-05-17 18:34:31,596 ] 31 root - INFO - Data Transformation completed.
[ 2026-05-17 18:34:31,596 ] 33 root - INFO - Model Training stared
[ 2026-05-17 18:38:47,707 ] 48 root - INFO - Entered the save_object method of MainUtils class
[ 2026-05-17 18:38:47,708 ] 52 root - INFO - Exited the save_object method of MainUtils class
[ 2026-05-17 18:38:47,708 ] 48 root - INFO - Entered the save_object method of MainUtils class
[ 2026-05-17 18:38:47,722 ] 52 root - INFO - Exited the save_object method of MainUtils class
[ 2026-05-17 18:38:47,722 ] 131 root - INFO - Model trainer artifact: ModelTrainerArtifact(trained_model_file_path='Artifacts\\05_17_2026_18_34_13\\model_trainer\\trained_model\\model.pkl', train_metric_artifact=ClassificationMetricArtifact(f1_score=0.9918682659077048, precision_score=0.9898559545546765, recall_score=0.9938887757180689), test_metric_artifact=ClassificationMetricArtifact(f1_score=0.9697452229299363, precision_score=0.9636075949367089, recall_score=0.9759615384615384))
[ 2026-05-17 18:38:47,725 ] 37 root - INFO - Model Training artifact created
