[ 2026-05-16 12:45:36,811 ] 1025 httpx - INFO - HTTP Request: GET https://dagshub.com/api/v1/user "HTTP/1.1 200 OK"
[ 2026-05-16 12:45:36,829 ] 107 dagshub - INFO - Accessing as BikashBIOS
[ 2026-05-16 12:45:38,205 ] 1025 httpx - INFO - HTTP Request: GET https://dagshub.com/api/v1/repos/BikashBIOS/Network-Security "HTTP/1.1 200 OK"
[ 2026-05-16 12:45:39,380 ] 1025 httpx - INFO - HTTP Request: GET https://dagshub.com/api/v1/user "HTTP/1.1 200 OK"
[ 2026-05-16 12:45:39,383 ] 107 dagshub - INFO - Initialized MLflow to track repo "BikashBIOS/Network-Security"
[ 2026-05-16 12:45:39,384 ] 107 dagshub - INFO - Repository BikashBIOS/Network-Security initialized!
[ 2026-05-16 12:45:39,390 ] 16 root - INFO - Initiate Data Ingestion
[ 2026-05-16 12:45:47,230 ] 68 root - INFO - Performed train test split on the dataframe
[ 2026-05-16 12:45:47,230 ] 70 root - INFO - Exited split_data_as_train_test method of Data_Ingestion class
[ 2026-05-16 12:45:47,230 ] 78 root - INFO - Exporting train and test file path.
[ 2026-05-16 12:45:47,289 ] 87 root - INFO - Exported train and test file path.
[ 2026-05-16 12:45:47,292 ] 18 root - INFO - data initiation completed
[ 2026-05-16 12:45:47,308 ] 22 root - INFO - data validation initiation
[ 2026-05-16 12:45:47,387 ] 33 root - INFO - Required no. of columns: 2
[ 2026-05-16 12:45:47,387 ] 34 root - INFO - Data frame has columns : 32
[ 2026-05-16 12:45:47,387 ] 33 root - INFO - Required no. of columns: 2
[ 2026-05-16 12:45:47,387 ] 34 root - INFO - Data frame has columns : 32
[ 2026-05-16 12:45:47,546 ] 24 root - INFO - Data Validation completed
[ 2026-05-16 12:45:47,546 ] 27 root - INFO - Data Transformation started
[ 2026-05-16 12:45:47,546 ] 63 root - INFO - Entered initaite_data_transformation method
[ 2026-05-16 12:45:47,546 ] 65 root - INFO - Starting data transformation
[ 2026-05-16 12:45:47,581 ] 49 root - INFO - Entered get_data_transformer_object method of Transformation class
[ 2026-05-16 12:45:47,581 ] 54 root - INFO - Initialise KNNImputer with {'missing_values': nan, 'n_neighbors': 3, 'weights': 'uniform'}
[ 2026-05-16 12:45:47,593 ] 48 root - INFO - Entered the save_object method of MainUtils class
[ 2026-05-16 12:45:47,596 ] 52 root - INFO - Exited the save_object method of MainUtils class
[ 2026-05-16 12:45:47,596 ] 48 root - INFO - Entered the save_object method of MainUtils class
[ 2026-05-16 12:45:47,598 ] 52 root - INFO - Exited the save_object method of MainUtils class
[ 2026-05-16 12:45:47,599 ] 31 root - INFO - Data Transformation completed.
[ 2026-05-16 12:45:47,599 ] 33 root - INFO - Model Training stared
[ 2026-05-16 12:50:30,354 ] 48 root - INFO - Entered the save_object method of MainUtils class
[ 2026-05-16 12:50:30,355 ] 52 root - INFO - Exited the save_object method of MainUtils class
[ 2026-05-16 12:50:30,355 ] 48 root - INFO - Entered the save_object method of MainUtils class
[ 2026-05-16 12:50:30,386 ] 52 root - INFO - Exited the save_object method of MainUtils class
[ 2026-05-16 12:50:30,387 ] 131 root - INFO - Model trainer artifact: ModelTrainerArtifact(trained_model_file_path='Artifacts\\05_16_2026_12_45_31\\model_trainer\\trained_model\\model.pkl', train_metric_artifact=ClassificationMetricArtifact(f1_score=0.9922745058693689, precision_score=0.9909819639278558, recall_score=0.9935704239501708), test_metric_artifact=ClassificationMetricArtifact(f1_score=0.9676062263357172, precision_score=0.960735171261487, recall_score=0.9745762711864406))
[ 2026-05-16 12:50:30,398 ] 37 root - INFO - Model Training artifact created
