[ 2026-05-17 18:14:58,730 ] 1025 httpx - INFO - HTTP Request: GET https://dagshub.com/api/v1/user "HTTP/1.1 200 OK"
[ 2026-05-17 18:14:58,737 ] 107 dagshub - INFO - Accessing as BikashBIOS
[ 2026-05-17 18:15:00,006 ] 1025 httpx - INFO - HTTP Request: GET https://dagshub.com/api/v1/repos/BikashBIOS/Network-Security "HTTP/1.1 200 OK"
[ 2026-05-17 18:15:01,250 ] 1025 httpx - INFO - HTTP Request: GET https://dagshub.com/api/v1/user "HTTP/1.1 200 OK"
[ 2026-05-17 18:15:01,253 ] 107 dagshub - INFO - Initialized MLflow to track repo "BikashBIOS/Network-Security"
[ 2026-05-17 18:15:01,254 ] 107 dagshub - INFO - Repository BikashBIOS/Network-Security initialized!
[ 2026-05-17 18:15:01,259 ] 16 root - INFO - Initiate Data Ingestion
[ 2026-05-17 18:15:09,124 ] 68 root - INFO - Performed train test split on the dataframe
[ 2026-05-17 18:15:09,124 ] 70 root - INFO - Exited split_data_as_train_test method of Data_Ingestion class
[ 2026-05-17 18:15:09,124 ] 78 root - INFO - Exporting train and test file path.
[ 2026-05-17 18:15:09,187 ] 87 root - INFO - Exported train and test file path.
[ 2026-05-17 18:15:09,190 ] 18 root - INFO - data initiation completed
[ 2026-05-17 18:15:09,216 ] 22 root - INFO - data validation initiation
[ 2026-05-17 18:15:09,287 ] 33 root - INFO - Required no. of columns: 2
[ 2026-05-17 18:15:09,287 ] 34 root - INFO - Data frame has columns : 32
[ 2026-05-17 18:15:09,287 ] 33 root - INFO - Required no. of columns: 2
[ 2026-05-17 18:15:09,287 ] 34 root - INFO - Data frame has columns : 32
[ 2026-05-17 18:15:09,457 ] 24 root - INFO - Data Validation completed
[ 2026-05-17 18:15:09,457 ] 27 root - INFO - Data Transformation started
[ 2026-05-17 18:15:09,457 ] 63 root - INFO - Entered initaite_data_transformation method
[ 2026-05-17 18:15:09,457 ] 65 root - INFO - Starting data transformation
[ 2026-05-17 18:15:09,497 ] 49 root - INFO - Entered get_data_transformer_object method of Transformation class
[ 2026-05-17 18:15:09,497 ] 54 root - INFO - Initialise KNNImputer with {'missing_values': nan, 'n_neighbors': 3, 'weights': 'uniform'}
[ 2026-05-17 18:15:09,510 ] 48 root - INFO - Entered the save_object method of MainUtils class
[ 2026-05-17 18:15:09,512 ] 52 root - INFO - Exited the save_object method of MainUtils class
[ 2026-05-17 18:15:09,513 ] 48 root - INFO - Entered the save_object method of MainUtils class
[ 2026-05-17 18:15:09,515 ] 52 root - INFO - Exited the save_object method of MainUtils class
[ 2026-05-17 18:15:09,517 ] 31 root - INFO - Data Transformation completed.
[ 2026-05-17 18:15:09,517 ] 33 root - INFO - Model Training stared
[ 2026-05-17 18:21:14,001 ] 48 root - INFO - Entered the save_object method of MainUtils class
[ 2026-05-17 18:21:14,002 ] 52 root - INFO - Exited the save_object method of MainUtils class
[ 2026-05-17 18:21:14,002 ] 48 root - INFO - Entered the save_object method of MainUtils class
[ 2026-05-17 18:21:14,029 ] 52 root - INFO - Exited the save_object method of MainUtils class
[ 2026-05-17 18:21:14,029 ] 131 root - INFO - Model trainer artifact: ModelTrainerArtifact(trained_model_file_path='Artifacts\\05_17_2026_18_14_53\\model_trainer\\trained_model\\model.pkl', train_metric_artifact=ClassificationMetricArtifact(f1_score=0.9911129064835387, precision_score=0.9889157597742846, recall_score=0.9933198380566801), test_metric_artifact=ClassificationMetricArtifact(f1_score=0.9778142974527527, precision_score=0.9778142974527527, recall_score=0.9778142974527527))
[ 2026-05-17 18:21:14,033 ] 37 root - INFO - Model Training artifact created
