[ 2026-05-17 18:02:11,192 ] 1025 httpx - INFO - HTTP Request: GET https://dagshub.com/api/v1/user "HTTP/1.1 200 OK"
[ 2026-05-17 18:02:11,201 ] 107 dagshub - INFO - Accessing as BikashBIOS
[ 2026-05-17 18:02:12,476 ] 1025 httpx - INFO - HTTP Request: GET https://dagshub.com/api/v1/repos/BikashBIOS/Network-Security "HTTP/1.1 200 OK"
[ 2026-05-17 18:02:13,738 ] 1025 httpx - INFO - HTTP Request: GET https://dagshub.com/api/v1/user "HTTP/1.1 200 OK"
[ 2026-05-17 18:02:13,740 ] 107 dagshub - INFO - Initialized MLflow to track repo "BikashBIOS/Network-Security"
[ 2026-05-17 18:02:13,742 ] 107 dagshub - INFO - Repository BikashBIOS/Network-Security initialized!
[ 2026-05-17 18:02:13,743 ] 16 root - INFO - Initiate Data Ingestion
[ 2026-05-17 18:02:21,293 ] 68 root - INFO - Performed train test split on the dataframe
[ 2026-05-17 18:02:21,293 ] 70 root - INFO - Exited split_data_as_train_test method of Data_Ingestion class
[ 2026-05-17 18:02:21,294 ] 78 root - INFO - Exporting train and test file path.
[ 2026-05-17 18:02:21,359 ] 87 root - INFO - Exported train and test file path.
[ 2026-05-17 18:02:21,362 ] 18 root - INFO - data initiation completed
[ 2026-05-17 18:02:21,392 ] 22 root - INFO - data validation initiation
[ 2026-05-17 18:02:21,465 ] 33 root - INFO - Required no. of columns: 2
[ 2026-05-17 18:02:21,465 ] 34 root - INFO - Data frame has columns : 32
[ 2026-05-17 18:02:21,465 ] 33 root - INFO - Required no. of columns: 2
[ 2026-05-17 18:02:21,465 ] 34 root - INFO - Data frame has columns : 32
[ 2026-05-17 18:02:21,639 ] 24 root - INFO - Data Validation completed
[ 2026-05-17 18:02:21,639 ] 27 root - INFO - Data Transformation started
[ 2026-05-17 18:02:21,639 ] 63 root - INFO - Entered initaite_data_transformation method
[ 2026-05-17 18:02:21,639 ] 65 root - INFO - Starting data transformation
[ 2026-05-17 18:02:21,693 ] 49 root - INFO - Entered get_data_transformer_object method of Transformation class
[ 2026-05-17 18:02:21,694 ] 54 root - INFO - Initialise KNNImputer with {'missing_values': nan, 'n_neighbors': 3, 'weights': 'uniform'}
[ 2026-05-17 18:02:21,710 ] 48 root - INFO - Entered the save_object method of MainUtils class
[ 2026-05-17 18:02:21,713 ] 52 root - INFO - Exited the save_object method of MainUtils class
[ 2026-05-17 18:02:21,713 ] 48 root - INFO - Entered the save_object method of MainUtils class
[ 2026-05-17 18:02:21,715 ] 52 root - INFO - Exited the save_object method of MainUtils class
[ 2026-05-17 18:02:21,716 ] 31 root - INFO - Data Transformation completed.
[ 2026-05-17 18:02:21,716 ] 33 root - INFO - Model Training stared
[ 2026-05-17 18:11:49,788 ] 48 root - INFO - Entered the save_object method of MainUtils class
[ 2026-05-17 18:11:49,789 ] 52 root - INFO - Exited the save_object method of MainUtils class
[ 2026-05-17 18:11:49,789 ] 48 root - INFO - Entered the save_object method of MainUtils class
[ 2026-05-17 18:11:49,795 ] 52 root - INFO - Exited the save_object method of MainUtils class
[ 2026-05-17 18:11:49,795 ] 131 root - INFO - Model trainer artifact: ModelTrainerArtifact(trained_model_file_path='Artifacts\\05_17_2026_18_02_03\\model_trainer\\trained_model\\model.pkl', train_metric_artifact=ClassificationMetricArtifact(f1_score=0.9917255297679112, precision_score=0.9895287958115183, recall_score=0.9939320388349514), test_metric_artifact=ClassificationMetricArtifact(f1_score=0.9729950900163666, precision_score=0.9658813972380179, recall_score=0.9802143446001649))
[ 2026-05-17 18:11:49,796 ] 37 root - INFO - Model Training artifact created
