[ 2026-05-17 16:16:19,526 ] 1025 httpx - INFO - HTTP Request: GET https://dagshub.com/api/v1/user "HTTP/1.1 200 OK"
[ 2026-05-17 16:16:19,563 ] 107 dagshub - INFO - Accessing as BikashBIOS
[ 2026-05-17 16:16:22,436 ] 1025 httpx - INFO - HTTP Request: GET https://dagshub.com/api/v1/repos/BikashBIOS/Network-Security "HTTP/1.1 200 OK"
[ 2026-05-17 16:16:25,118 ] 1025 httpx - INFO - HTTP Request: GET https://dagshub.com/api/v1/user "HTTP/1.1 200 OK"
[ 2026-05-17 16:16:25,122 ] 107 dagshub - INFO - Initialized MLflow to track repo "BikashBIOS/Network-Security"
[ 2026-05-17 16:16:25,123 ] 107 dagshub - INFO - Repository BikashBIOS/Network-Security initialized!
[ 2026-05-17 16:16:41,552 ] 36 root - INFO - Start Data Ingestion
[ 2026-05-17 16:16:51,680 ] 68 root - INFO - Performed train test split on the dataframe
[ 2026-05-17 16:16:51,680 ] 70 root - INFO - Exited split_data_as_train_test method of Data_Ingestion class
[ 2026-05-17 16:16:51,681 ] 78 root - INFO - Exporting train and test file path.
[ 2026-05-17 16:16:51,867 ] 87 root - INFO - Exported train and test file path.
[ 2026-05-17 16:16:51,870 ] 39 root - INFO - Data Ingestion Completed and artifact : DataIngestionArtifact(trained_file_path='Artifacts\\05_17_2026_16_16_10\\data_ingestion\\ingested\\train.csv', test_file_path='Artifacts\\05_17_2026_16_16_10\\data_ingestion\\ingested\\test.csv')
[ 2026-05-17 16:16:51,919 ] 49 root - INFO - Data Validation Initiated.
[ 2026-05-17 16:16:52,036 ] 33 root - INFO - Required no. of columns: 2
[ 2026-05-17 16:16:52,036 ] 34 root - INFO - Data frame has columns : 32
[ 2026-05-17 16:16:52,036 ] 33 root - INFO - Required no. of columns: 2
[ 2026-05-17 16:16:52,037 ] 34 root - INFO - Data frame has columns : 32
[ 2026-05-17 16:16:52,394 ] 51 root - INFO - Data Validation Completed
[ 2026-05-17 16:16:52,394 ] 63 root - INFO - Entered initaite_data_transformation method
[ 2026-05-17 16:16:52,395 ] 65 root - INFO - Starting data transformation
[ 2026-05-17 16:16:52,464 ] 49 root - INFO - Entered get_data_transformer_object method of Transformation class
[ 2026-05-17 16:16:52,464 ] 54 root - INFO - Initialise KNNImputer with {'missing_values': nan, 'n_neighbors': 3, 'weights': 'uniform'}
[ 2026-05-17 16:16:52,491 ] 48 root - INFO - Entered the save_object method of MainUtils class
[ 2026-05-17 16:16:52,494 ] 52 root - INFO - Exited the save_object method of MainUtils class
[ 2026-05-17 16:16:52,494 ] 48 root - INFO - Entered the save_object method of MainUtils class
[ 2026-05-17 16:16:52,496 ] 52 root - INFO - Exited the save_object method of MainUtils class
[ 2026-05-17 16:26:43,919 ] 48 root - INFO - Entered the save_object method of MainUtils class
[ 2026-05-17 16:26:43,921 ] 52 root - INFO - Exited the save_object method of MainUtils class
[ 2026-05-17 16:26:43,921 ] 48 root - INFO - Entered the save_object method of MainUtils class
[ 2026-05-17 16:26:43,964 ] 52 root - INFO - Exited the save_object method of MainUtils class
[ 2026-05-17 16:26:43,965 ] 131 root - INFO - Model trainer artifact: ModelTrainerArtifact(trained_model_file_path='Artifacts\\05_17_2026_16_16_10\\model_trainer\\trained_model\\model.pkl', train_metric_artifact=ClassificationMetricArtifact(f1_score=0.9913358855530929, precision_score=0.9879518072289156, recall_score=0.9947432268499797), test_metric_artifact=ClassificationMetricArtifact(f1_score=0.9762684124386252, precision_score=0.967558799675588, recall_score=0.9851362510322048))
