[ 2026-05-17 18:59:05,156 ] 1025 httpx - INFO - HTTP Request: GET https://dagshub.com/api/v1/user "HTTP/1.1 200 OK"
[ 2026-05-17 18:59:05,164 ] 107 dagshub - INFO - Accessing as BikashBIOS
[ 2026-05-17 18:59:06,618 ] 1025 httpx - INFO - HTTP Request: GET https://dagshub.com/api/v1/repos/BikashBIOS/Network-Security "HTTP/1.1 200 OK"
[ 2026-05-17 18:59:07,917 ] 1025 httpx - INFO - HTTP Request: GET https://dagshub.com/api/v1/user "HTTP/1.1 200 OK"
[ 2026-05-17 18:59:07,919 ] 107 dagshub - INFO - Initialized MLflow to track repo "BikashBIOS/Network-Security"
[ 2026-05-17 18:59:07,920 ] 107 dagshub - INFO - Repository BikashBIOS/Network-Security initialized!
[ 2026-05-17 18:59:07,926 ] 20 root - INFO - Initiate Data Ingestion
[ 2026-05-17 18:59:17,811 ] 68 root - INFO - Performed train test split on the dataframe
[ 2026-05-17 18:59:17,811 ] 70 root - INFO - Exited split_data_as_train_test method of Data_Ingestion class
[ 2026-05-17 18:59:17,812 ] 78 root - INFO - Exporting train and test file path.
[ 2026-05-17 18:59:17,935 ] 87 root - INFO - Exported train and test file path.
[ 2026-05-17 18:59:17,939 ] 22 root - INFO - data initiation completed
[ 2026-05-17 18:59:17,947 ] 26 root - INFO - data validation initiation
[ 2026-05-17 18:59:18,038 ] 33 root - INFO - Required no. of columns: 2
[ 2026-05-17 18:59:18,038 ] 34 root - INFO - Data frame has columns : 32
[ 2026-05-17 18:59:18,038 ] 33 root - INFO - Required no. of columns: 2
[ 2026-05-17 18:59:18,038 ] 34 root - INFO - Data frame has columns : 32
[ 2026-05-17 18:59:18,358 ] 28 root - INFO - Data Validation completed
[ 2026-05-17 18:59:18,359 ] 31 root - INFO - Data Transformation started
[ 2026-05-17 18:59:18,359 ] 63 root - INFO - Entered initaite_data_transformation method
[ 2026-05-17 18:59:18,359 ] 65 root - INFO - Starting data transformation
[ 2026-05-17 18:59:18,427 ] 49 root - INFO - Entered get_data_transformer_object method of Transformation class
[ 2026-05-17 18:59:18,427 ] 54 root - INFO - Initialise KNNImputer with {'missing_values': nan, 'n_neighbors': 3, 'weights': 'uniform'}
[ 2026-05-17 18:59:18,450 ] 48 root - INFO - Entered the save_object method of MainUtils class
[ 2026-05-17 18:59:18,453 ] 52 root - INFO - Exited the save_object method of MainUtils class
[ 2026-05-17 18:59:18,454 ] 48 root - INFO - Entered the save_object method of MainUtils class
[ 2026-05-17 18:59:18,457 ] 52 root - INFO - Exited the save_object method of MainUtils class
[ 2026-05-17 18:59:18,458 ] 35 root - INFO - Data Transformation completed.
[ 2026-05-17 18:59:18,458 ] 37 root - INFO - Model Training stared
[ 2026-05-17 19:05:22,998 ] 48 root - INFO - Entered the save_object method of MainUtils class
[ 2026-05-17 19:05:22,999 ] 52 root - INFO - Exited the save_object method of MainUtils class
[ 2026-05-17 19:05:22,999 ] 48 root - INFO - Entered the save_object method of MainUtils class
[ 2026-05-17 19:05:23,022 ] 52 root - INFO - Exited the save_object method of MainUtils class
[ 2026-05-17 19:05:23,023 ] 131 root - INFO - Model trainer artifact: ModelTrainerArtifact(trained_model_file_path='Artifacts\\05_17_2026_18_58_58\\model_trainer\\trained_model\\model.pkl', train_metric_artifact=ClassificationMetricArtifact(f1_score=0.9905050505050506, precision_score=0.9889068172650263, recall_score=0.9921084581141238), test_metric_artifact=ClassificationMetricArtifact(f1_score=0.9758888434818145, precision_score=0.9691558441558441, recall_score=0.9827160493827161))
[ 2026-05-17 19:05:23,027 ] 41 root - INFO - Model Training artifact created
