[ 2026-05-17 17:09:23,086 ] 1025 httpx - INFO - HTTP Request: GET https://dagshub.com/api/v1/user "HTTP/1.1 200 OK"
[ 2026-05-17 17:09:23,092 ] 107 dagshub - INFO - Accessing as BikashBIOS
[ 2026-05-17 17:09:26,137 ] 1025 httpx - INFO - HTTP Request: GET https://dagshub.com/api/v1/repos/BikashBIOS/Network-Security "HTTP/1.1 200 OK"
[ 2026-05-17 17:09:31,342 ] 1025 httpx - INFO - HTTP Request: GET https://dagshub.com/api/v1/user "HTTP/1.1 200 OK"
[ 2026-05-17 17:09:31,344 ] 107 dagshub - INFO - Initialized MLflow to track repo "BikashBIOS/Network-Security"
[ 2026-05-17 17:09:31,345 ] 107 dagshub - INFO - Repository BikashBIOS/Network-Security initialized!
[ 2026-05-17 17:09:31,350 ] 16 root - INFO - Initiate Data Ingestion
[ 2026-05-17 17:09:40,056 ] 68 root - INFO - Performed train test split on the dataframe
[ 2026-05-17 17:09:40,056 ] 70 root - INFO - Exited split_data_as_train_test method of Data_Ingestion class
[ 2026-05-17 17:09:40,057 ] 78 root - INFO - Exporting train and test file path.
[ 2026-05-17 17:09:40,136 ] 87 root - INFO - Exported train and test file path.
[ 2026-05-17 17:09:40,139 ] 18 root - INFO - data initiation completed
[ 2026-05-17 17:09:40,144 ] 22 root - INFO - data validation initiation
[ 2026-05-17 17:09:40,239 ] 33 root - INFO - Required no. of columns: 2
[ 2026-05-17 17:09:40,239 ] 34 root - INFO - Data frame has columns : 32
[ 2026-05-17 17:09:40,239 ] 33 root - INFO - Required no. of columns: 2
[ 2026-05-17 17:09:40,239 ] 34 root - INFO - Data frame has columns : 32
[ 2026-05-17 17:09:40,411 ] 24 root - INFO - Data Validation completed
[ 2026-05-17 17:09:40,411 ] 27 root - INFO - Data Transformation started
[ 2026-05-17 17:09:40,411 ] 63 root - INFO - Entered initaite_data_transformation method
[ 2026-05-17 17:09:40,411 ] 65 root - INFO - Starting data transformation
[ 2026-05-17 17:09:40,451 ] 49 root - INFO - Entered get_data_transformer_object method of Transformation class
[ 2026-05-17 17:09:40,451 ] 54 root - INFO - Initialise KNNImputer with {'missing_values': nan, 'n_neighbors': 3, 'weights': 'uniform'}
[ 2026-05-17 17:09:40,465 ] 48 root - INFO - Entered the save_object method of MainUtils class
[ 2026-05-17 17:09:40,467 ] 52 root - INFO - Exited the save_object method of MainUtils class
[ 2026-05-17 17:09:40,467 ] 48 root - INFO - Entered the save_object method of MainUtils class
[ 2026-05-17 17:09:40,469 ] 52 root - INFO - Exited the save_object method of MainUtils class
[ 2026-05-17 17:09:40,474 ] 31 root - INFO - Data Transformation completed.
[ 2026-05-17 17:09:40,474 ] 33 root - INFO - Model Training stared
[ 2026-05-17 17:16:47,151 ] 48 root - INFO - Entered the save_object method of MainUtils class
[ 2026-05-17 17:16:47,152 ] 52 root - INFO - Exited the save_object method of MainUtils class
[ 2026-05-17 17:16:47,152 ] 48 root - INFO - Entered the save_object method of MainUtils class
[ 2026-05-17 17:16:47,188 ] 52 root - INFO - Exited the save_object method of MainUtils class
[ 2026-05-17 17:16:47,188 ] 131 root - INFO - Model trainer artifact: ModelTrainerArtifact(trained_model_file_path='Artifacts\\05_17_2026_17_09_16\\model_trainer\\trained_model\\model.pkl', train_metric_artifact=ClassificationMetricArtifact(f1_score=0.9925040518638574, precision_score=0.9910985231640704, recall_score=0.9939135727328059), test_metric_artifact=ClassificationMetricArtifact(f1_score=0.9688385269121813, precision_score=0.9629927594529365, recall_score=0.9747557003257329))
[ 2026-05-17 17:16:47,192 ] 37 root - INFO - Model Training artifact created
