[ 2026-05-17 17:22:05,264 ] 1025 httpx - INFO - HTTP Request: GET https://dagshub.com/api/v1/user "HTTP/1.1 200 OK"
[ 2026-05-17 17:22:05,273 ] 107 dagshub - INFO - Accessing as BikashBIOS
[ 2026-05-17 17:22:06,530 ] 1025 httpx - INFO - HTTP Request: GET https://dagshub.com/api/v1/repos/BikashBIOS/Network-Security "HTTP/1.1 200 OK"
[ 2026-05-17 17:22:07,732 ] 1025 httpx - INFO - HTTP Request: GET https://dagshub.com/api/v1/user "HTTP/1.1 200 OK"
[ 2026-05-17 17:22:07,736 ] 107 dagshub - INFO - Initialized MLflow to track repo "BikashBIOS/Network-Security"
[ 2026-05-17 17:22:07,737 ] 107 dagshub - INFO - Repository BikashBIOS/Network-Security initialized!
[ 2026-05-17 17:22:07,745 ] 16 root - INFO - Initiate Data Ingestion
[ 2026-05-17 17:22:15,426 ] 68 root - INFO - Performed train test split on the dataframe
[ 2026-05-17 17:22:15,426 ] 70 root - INFO - Exited split_data_as_train_test method of Data_Ingestion class
[ 2026-05-17 17:22:15,427 ] 78 root - INFO - Exporting train and test file path.
[ 2026-05-17 17:22:15,492 ] 87 root - INFO - Exported train and test file path.
[ 2026-05-17 17:22:15,495 ] 18 root - INFO - data initiation completed
[ 2026-05-17 17:22:15,524 ] 22 root - INFO - data validation initiation
[ 2026-05-17 17:22:15,604 ] 33 root - INFO - Required no. of columns: 2
[ 2026-05-17 17:22:15,604 ] 34 root - INFO - Data frame has columns : 32
[ 2026-05-17 17:22:15,605 ] 33 root - INFO - Required no. of columns: 2
[ 2026-05-17 17:22:15,605 ] 34 root - INFO - Data frame has columns : 32
[ 2026-05-17 17:22:15,777 ] 24 root - INFO - Data Validation completed
[ 2026-05-17 17:22:15,777 ] 27 root - INFO - Data Transformation started
[ 2026-05-17 17:22:15,777 ] 63 root - INFO - Entered initaite_data_transformation method
[ 2026-05-17 17:22:15,777 ] 65 root - INFO - Starting data transformation
[ 2026-05-17 17:22:15,821 ] 49 root - INFO - Entered get_data_transformer_object method of Transformation class
[ 2026-05-17 17:22:15,821 ] 54 root - INFO - Initialise KNNImputer with {'missing_values': nan, 'n_neighbors': 3, 'weights': 'uniform'}
[ 2026-05-17 17:22:15,839 ] 48 root - INFO - Entered the save_object method of MainUtils class
[ 2026-05-17 17:22:15,841 ] 52 root - INFO - Exited the save_object method of MainUtils class
[ 2026-05-17 17:22:15,841 ] 48 root - INFO - Entered the save_object method of MainUtils class
[ 2026-05-17 17:22:15,844 ] 52 root - INFO - Exited the save_object method of MainUtils class
[ 2026-05-17 17:22:15,845 ] 31 root - INFO - Data Transformation completed.
[ 2026-05-17 17:22:15,845 ] 33 root - INFO - Model Training stared
[ 2026-05-17 17:28:28,886 ] 48 root - INFO - Entered the save_object method of MainUtils class
[ 2026-05-17 17:28:28,887 ] 52 root - INFO - Exited the save_object method of MainUtils class
[ 2026-05-17 17:28:28,887 ] 48 root - INFO - Entered the save_object method of MainUtils class
[ 2026-05-17 17:28:28,906 ] 52 root - INFO - Exited the save_object method of MainUtils class
[ 2026-05-17 17:28:28,906 ] 131 root - INFO - Model trainer artifact: ModelTrainerArtifact(trained_model_file_path='Artifacts\\05_17_2026_17_21_59\\model_trainer\\trained_model\\model.pkl', train_metric_artifact=ClassificationMetricArtifact(f1_score=0.9913362552237285, precision_score=0.9902260232131949, recall_score=0.9924489795918368), test_metric_artifact=ClassificationMetricArtifact(f1_score=0.9735073151443259, precision_score=0.9677672955974843, recall_score=0.979315831344471))
[ 2026-05-17 17:28:28,908 ] 37 root - INFO - Model Training artifact created
