[ 2026-05-17 16:42:13,399 ] 1025 httpx - INFO - HTTP Request: GET https://dagshub.com/api/v1/user "HTTP/1.1 200 OK"
[ 2026-05-17 16:42:13,421 ] 107 dagshub - INFO - Accessing as BikashBIOS
[ 2026-05-17 16:42:15,222 ] 1025 httpx - INFO - HTTP Request: GET https://dagshub.com/api/v1/repos/BikashBIOS/Network-Security "HTTP/1.1 200 OK"
[ 2026-05-17 16:42:16,840 ] 1025 httpx - INFO - HTTP Request: GET https://dagshub.com/api/v1/user "HTTP/1.1 200 OK"
[ 2026-05-17 16:42:16,844 ] 107 dagshub - INFO - Initialized MLflow to track repo "BikashBIOS/Network-Security"
[ 2026-05-17 16:42:16,845 ] 107 dagshub - INFO - Repository BikashBIOS/Network-Security initialized!
[ 2026-05-17 16:42:16,848 ] 16 root - INFO - Initiate Data Ingestion
[ 2026-05-17 16:42:26,587 ] 68 root - INFO - Performed train test split on the dataframe
[ 2026-05-17 16:42:26,587 ] 70 root - INFO - Exited split_data_as_train_test method of Data_Ingestion class
[ 2026-05-17 16:42:26,588 ] 78 root - INFO - Exporting train and test file path.
[ 2026-05-17 16:42:26,747 ] 87 root - INFO - Exported train and test file path.
[ 2026-05-17 16:42:26,754 ] 18 root - INFO - data initiation completed
[ 2026-05-17 16:42:26,828 ] 22 root - INFO - data validation initiation
[ 2026-05-17 16:42:26,973 ] 33 root - INFO - Required no. of columns: 2
[ 2026-05-17 16:42:26,973 ] 34 root - INFO - Data frame has columns : 32
[ 2026-05-17 16:42:26,973 ] 33 root - INFO - Required no. of columns: 2
[ 2026-05-17 16:42:26,973 ] 34 root - INFO - Data frame has columns : 32
[ 2026-05-17 16:42:27,451 ] 24 root - INFO - Data Validation completed
[ 2026-05-17 16:42:27,451 ] 27 root - INFO - Data Transformation started
[ 2026-05-17 16:42:27,452 ] 63 root - INFO - Entered initaite_data_transformation method
[ 2026-05-17 16:42:27,452 ] 65 root - INFO - Starting data transformation
[ 2026-05-17 16:42:27,508 ] 49 root - INFO - Entered get_data_transformer_object method of Transformation class
[ 2026-05-17 16:42:27,508 ] 54 root - INFO - Initialise KNNImputer with {'missing_values': nan, 'n_neighbors': 3, 'weights': 'uniform'}
[ 2026-05-17 16:42:27,525 ] 48 root - INFO - Entered the save_object method of MainUtils class
[ 2026-05-17 16:42:27,527 ] 52 root - INFO - Exited the save_object method of MainUtils class
[ 2026-05-17 16:42:27,528 ] 48 root - INFO - Entered the save_object method of MainUtils class
[ 2026-05-17 16:42:27,530 ] 52 root - INFO - Exited the save_object method of MainUtils class
[ 2026-05-17 16:42:27,532 ] 31 root - INFO - Data Transformation completed.
[ 2026-05-17 16:42:27,532 ] 33 root - INFO - Model Training stared
[ 2026-05-17 16:50:52,262 ] 48 root - INFO - Entered the save_object method of MainUtils class
[ 2026-05-17 16:50:52,264 ] 52 root - INFO - Exited the save_object method of MainUtils class
[ 2026-05-17 16:50:52,264 ] 48 root - INFO - Entered the save_object method of MainUtils class
[ 2026-05-17 16:50:52,277 ] 52 root - INFO - Exited the save_object method of MainUtils class
[ 2026-05-17 16:50:52,278 ] 131 root - INFO - Model trainer artifact: ModelTrainerArtifact(trained_model_file_path='Artifacts\\05_17_2026_16_41_54\\model_trainer\\trained_model\\model.pkl', train_metric_artifact=ClassificationMetricArtifact(f1_score=0.9913201453371013, precision_score=0.990520371117386, recall_score=0.9921212121212121), test_metric_artifact=ClassificationMetricArtifact(f1_score=0.972302604381976, precision_score=0.9702970297029703, recall_score=0.9743164871582436))
[ 2026-05-17 16:50:52,280 ] 37 root - INFO - Model Training artifact created
