[ 2026-05-17 19:12:41,211 ] 1025 httpx - INFO - HTTP Request: GET https://dagshub.com/api/v1/user "HTTP/1.1 200 OK"
[ 2026-05-17 19:12:41,221 ] 107 dagshub - INFO - Accessing as BikashBIOS
[ 2026-05-17 19:12:42,184 ] 1025 httpx - INFO - HTTP Request: GET https://dagshub.com/api/v1/repos/BikashBIOS/Network-Security "HTTP/1.1 200 OK"
[ 2026-05-17 19:12:43,582 ] 1025 httpx - INFO - HTTP Request: GET https://dagshub.com/api/v1/user "HTTP/1.1 200 OK"
[ 2026-05-17 19:12:43,584 ] 107 dagshub - INFO - Initialized MLflow to track repo "BikashBIOS/Network-Security"
[ 2026-05-17 19:12:43,585 ] 107 dagshub - INFO - Repository BikashBIOS/Network-Security initialized!
[ 2026-05-17 19:27:37,817 ] 39 root - INFO - Start Data Ingestion
[ 2026-05-17 19:27:47,507 ] 68 root - INFO - Performed train test split on the dataframe
[ 2026-05-17 19:27:47,507 ] 70 root - INFO - Exited split_data_as_train_test method of Data_Ingestion class
[ 2026-05-17 19:27:47,508 ] 78 root - INFO - Exporting train and test file path.
[ 2026-05-17 19:27:47,594 ] 87 root - INFO - Exported train and test file path.
[ 2026-05-17 19:27:47,600 ] 42 root - INFO - Data Ingestion Completed and artifact : DataIngestionArtifact(trained_file_path='Artifacts\\05_17_2026_19_12_35\\data_ingestion\\ingested\\train.csv', test_file_path='Artifacts\\05_17_2026_19_12_35\\data_ingestion\\ingested\\test.csv')
[ 2026-05-17 19:27:47,657 ] 52 root - INFO - Data Validation Initiated.
[ 2026-05-17 19:27:47,770 ] 33 root - INFO - Required no. of columns: 2
[ 2026-05-17 19:27:47,771 ] 34 root - INFO - Data frame has columns : 32
[ 2026-05-17 19:27:47,772 ] 33 root - INFO - Required no. of columns: 2
[ 2026-05-17 19:27:47,772 ] 34 root - INFO - Data frame has columns : 32
[ 2026-05-17 19:27:48,433 ] 54 root - INFO - Data Validation Completed
[ 2026-05-17 19:27:48,435 ] 63 root - INFO - Entered initaite_data_transformation method
[ 2026-05-17 19:27:48,435 ] 65 root - INFO - Starting data transformation
[ 2026-05-17 19:27:48,553 ] 49 root - INFO - Entered get_data_transformer_object method of Transformation class
[ 2026-05-17 19:27:48,553 ] 54 root - INFO - Initialise KNNImputer with {'missing_values': nan, 'n_neighbors': 3, 'weights': 'uniform'}
[ 2026-05-17 19:27:48,597 ] 48 root - INFO - Entered the save_object method of MainUtils class
[ 2026-05-17 19:27:48,601 ] 52 root - INFO - Exited the save_object method of MainUtils class
[ 2026-05-17 19:27:48,601 ] 48 root - INFO - Entered the save_object method of MainUtils class
[ 2026-05-17 19:27:48,607 ] 52 root - INFO - Exited the save_object method of MainUtils class
