[ 2026-05-16 12:55:53,439 ] 1025 httpx - INFO - HTTP Request: GET https://dagshub.com/api/v1/user "HTTP/1.1 200 OK"
[ 2026-05-16 12:55:53,448 ] 107 dagshub - INFO - Accessing as BikashBIOS
[ 2026-05-16 12:55:54,867 ] 1025 httpx - INFO - HTTP Request: GET https://dagshub.com/api/v1/repos/BikashBIOS/Network-Security "HTTP/1.1 200 OK"
[ 2026-05-16 12:55:56,156 ] 1025 httpx - INFO - HTTP Request: GET https://dagshub.com/api/v1/user "HTTP/1.1 200 OK"
[ 2026-05-16 12:55:56,157 ] 107 dagshub - INFO - Initialized MLflow to track repo "BikashBIOS/Network-Security"
[ 2026-05-16 12:55:56,158 ] 107 dagshub - INFO - Repository BikashBIOS/Network-Security initialized!
[ 2026-05-16 12:55:56,159 ] 16 root - INFO - Initiate Data Ingestion
[ 2026-05-16 12:56:03,681 ] 68 root - INFO - Performed train test split on the dataframe
[ 2026-05-16 12:56:03,681 ] 70 root - INFO - Exited split_data_as_train_test method of Data_Ingestion class
[ 2026-05-16 12:56:03,682 ] 78 root - INFO - Exporting train and test file path.
[ 2026-05-16 12:56:03,738 ] 87 root - INFO - Exported train and test file path.
[ 2026-05-16 12:56:03,742 ] 18 root - INFO - data initiation completed
[ 2026-05-16 12:56:03,747 ] 22 root - INFO - data validation initiation
[ 2026-05-16 12:56:03,810 ] 33 root - INFO - Required no. of columns: 2
[ 2026-05-16 12:56:03,810 ] 34 root - INFO - Data frame has columns : 32
[ 2026-05-16 12:56:03,810 ] 33 root - INFO - Required no. of columns: 2
[ 2026-05-16 12:56:03,810 ] 34 root - INFO - Data frame has columns : 32
[ 2026-05-16 12:56:03,946 ] 24 root - INFO - Data Validation completed
[ 2026-05-16 12:56:03,946 ] 27 root - INFO - Data Transformation started
[ 2026-05-16 12:56:03,946 ] 63 root - INFO - Entered initaite_data_transformation method
[ 2026-05-16 12:56:03,946 ] 65 root - INFO - Starting data transformation
[ 2026-05-16 12:56:03,979 ] 49 root - INFO - Entered get_data_transformer_object method of Transformation class
[ 2026-05-16 12:56:03,979 ] 54 root - INFO - Initialise KNNImputer with {'missing_values': nan, 'n_neighbors': 3, 'weights': 'uniform'}
[ 2026-05-16 12:56:03,995 ] 48 root - INFO - Entered the save_object method of MainUtils class
[ 2026-05-16 12:56:03,997 ] 52 root - INFO - Exited the save_object method of MainUtils class
[ 2026-05-16 12:56:03,997 ] 48 root - INFO - Entered the save_object method of MainUtils class
[ 2026-05-16 12:56:03,999 ] 52 root - INFO - Exited the save_object method of MainUtils class
[ 2026-05-16 12:56:04,000 ] 31 root - INFO - Data Transformation completed.
[ 2026-05-16 12:56:04,001 ] 33 root - INFO - Model Training stared
[ 2026-05-16 13:00:30,683 ] 48 root - INFO - Entered the save_object method of MainUtils class
[ 2026-05-16 13:00:30,684 ] 52 root - INFO - Exited the save_object method of MainUtils class
[ 2026-05-16 13:00:30,684 ] 48 root - INFO - Entered the save_object method of MainUtils class
[ 2026-05-16 13:00:30,714 ] 52 root - INFO - Exited the save_object method of MainUtils class
[ 2026-05-16 13:00:30,715 ] 131 root - INFO - Model trainer artifact: ModelTrainerArtifact(trained_model_file_path='Artifacts\\05_16_2026_12_55_47\\model_trainer\\trained_model\\model.pkl', train_metric_artifact=ClassificationMetricArtifact(f1_score=0.9916700528240553, precision_score=0.988456865127582, recall_score=0.9949041989400734), test_metric_artifact=ClassificationMetricArtifact(f1_score=0.9719034428175702, precision_score=0.9623824451410659, recall_score=0.9816147082334132))
[ 2026-05-16 13:00:30,719 ] 37 root - INFO - Model Training artifact created
