[ 2026-05-17 16:52:37,854 ] 1025 httpx - INFO - HTTP Request: GET https://dagshub.com/api/v1/user "HTTP/1.1 200 OK"
[ 2026-05-17 16:52:37,867 ] 107 dagshub - INFO - Accessing as BikashBIOS
[ 2026-05-17 16:52:39,460 ] 1025 httpx - INFO - HTTP Request: GET https://dagshub.com/api/v1/repos/BikashBIOS/Network-Security "HTTP/1.1 200 OK"
[ 2026-05-17 16:52:41,569 ] 1025 httpx - INFO - HTTP Request: GET https://dagshub.com/api/v1/user "HTTP/1.1 200 OK"
[ 2026-05-17 16:52:41,572 ] 107 dagshub - INFO - Initialized MLflow to track repo "BikashBIOS/Network-Security"
[ 2026-05-17 16:52:41,574 ] 107 dagshub - INFO - Repository BikashBIOS/Network-Security initialized!
[ 2026-05-17 16:52:41,577 ] 16 root - INFO - Initiate Data Ingestion
[ 2026-05-17 16:52:52,975 ] 68 root - INFO - Performed train test split on the dataframe
[ 2026-05-17 16:52:52,975 ] 70 root - INFO - Exited split_data_as_train_test method of Data_Ingestion class
[ 2026-05-17 16:52:52,976 ] 78 root - INFO - Exporting train and test file path.
[ 2026-05-17 16:52:53,119 ] 87 root - INFO - Exported train and test file path.
[ 2026-05-17 16:52:53,125 ] 18 root - INFO - data initiation completed
[ 2026-05-17 16:52:53,183 ] 22 root - INFO - data validation initiation
[ 2026-05-17 16:52:53,351 ] 33 root - INFO - Required no. of columns: 2
[ 2026-05-17 16:52:53,351 ] 34 root - INFO - Data frame has columns : 32
[ 2026-05-17 16:52:53,352 ] 33 root - INFO - Required no. of columns: 2
[ 2026-05-17 16:52:53,352 ] 34 root - INFO - Data frame has columns : 32
[ 2026-05-17 16:52:53,635 ] 24 root - INFO - Data Validation completed
[ 2026-05-17 16:52:53,636 ] 27 root - INFO - Data Transformation started
[ 2026-05-17 16:52:53,636 ] 63 root - INFO - Entered initaite_data_transformation method
[ 2026-05-17 16:52:53,636 ] 65 root - INFO - Starting data transformation
[ 2026-05-17 16:52:53,718 ] 49 root - INFO - Entered get_data_transformer_object method of Transformation class
[ 2026-05-17 16:52:53,718 ] 54 root - INFO - Initialise KNNImputer with {'missing_values': nan, 'n_neighbors': 3, 'weights': 'uniform'}
[ 2026-05-17 16:52:53,751 ] 48 root - INFO - Entered the save_object method of MainUtils class
[ 2026-05-17 16:52:53,756 ] 52 root - INFO - Exited the save_object method of MainUtils class
[ 2026-05-17 16:52:53,756 ] 48 root - INFO - Entered the save_object method of MainUtils class
[ 2026-05-17 16:52:53,760 ] 52 root - INFO - Exited the save_object method of MainUtils class
[ 2026-05-17 16:52:53,762 ] 31 root - INFO - Data Transformation completed.
[ 2026-05-17 16:52:53,763 ] 33 root - INFO - Model Training stared
[ 2026-05-17 17:01:05,175 ] 48 root - INFO - Entered the save_object method of MainUtils class
[ 2026-05-17 17:01:05,176 ] 52 root - INFO - Exited the save_object method of MainUtils class
[ 2026-05-17 17:01:05,176 ] 48 root - INFO - Entered the save_object method of MainUtils class
[ 2026-05-17 17:01:05,199 ] 52 root - INFO - Exited the save_object method of MainUtils class
[ 2026-05-17 17:01:05,200 ] 131 root - INFO - Model trainer artifact: ModelTrainerArtifact(trained_model_file_path='Artifacts\\05_17_2026_16_52_27\\model_trainer\\trained_model\\model.pkl', train_metric_artifact=ClassificationMetricArtifact(f1_score=0.9911845171749925, precision_score=0.989279935275081, recall_score=0.9930964467005076), test_metric_artifact=ClassificationMetricArtifact(f1_score=0.9786031489705289, precision_score=0.9734939759036144, recall_score=0.9837662337662337))
[ 2026-05-17 17:01:05,203 ] 37 root - INFO - Model Training artifact created
