[ 2026-07-08 18:35:33,488 ] 1025 httpx - INFO - HTTP Request: GET https://dagshub.com/api/v1/user "HTTP/1.1 200 OK"
[ 2026-07-08 18:35:33,528 ] 107 dagshub - INFO - Accessing as BikashBIOS
[ 2026-07-08 18:35:35,316 ] 1025 httpx - INFO - HTTP Request: GET https://dagshub.com/api/v1/repos/BikashBIOS/Network-Security "HTTP/1.1 200 OK"
[ 2026-07-08 18:35:37,051 ] 1025 httpx - INFO - HTTP Request: GET https://dagshub.com/api/v1/user "HTTP/1.1 200 OK"
[ 2026-07-08 18:35:37,054 ] 107 dagshub - INFO - Initialized MLflow to track repo "BikashBIOS/Network-Security"
[ 2026-07-08 18:35:37,055 ] 107 dagshub - INFO - Repository BikashBIOS/Network-Security initialized!
[ 2026-07-08 18:35:37,088 ] 21 root - INFO - Initiate Data Ingestion
[ 2026-07-08 18:35:41,294 ] 68 root - INFO - Performed train test split on the dataframe
[ 2026-07-08 18:35:41,294 ] 70 root - INFO - Exited split_data_as_train_test method of Data_Ingestion class
[ 2026-07-08 18:35:41,294 ] 78 root - INFO - Exporting train and test file path.
[ 2026-07-08 18:35:41,418 ] 87 root - INFO - Exported train and test file path.
[ 2026-07-08 18:35:41,426 ] 23 root - INFO - data initiation completed
[ 2026-07-08 18:35:41,462 ] 27 root - INFO - data validation initiation
[ 2026-07-08 18:35:41,577 ] 33 root - INFO - Required no. of columns: 2
[ 2026-07-08 18:35:41,577 ] 34 root - INFO - Data frame has columns : 32
[ 2026-07-08 18:35:41,578 ] 33 root - INFO - Required no. of columns: 2
[ 2026-07-08 18:35:41,578 ] 34 root - INFO - Data frame has columns : 32
[ 2026-07-08 18:35:41,935 ] 29 root - INFO - Data Validation completed
[ 2026-07-08 18:35:41,935 ] 32 root - INFO - Data Transformation started
[ 2026-07-08 18:35:41,935 ] 63 root - INFO - Entered initaite_data_transformation method
[ 2026-07-08 18:35:41,935 ] 65 root - INFO - Starting data transformation
[ 2026-07-08 18:35:41,987 ] 49 root - INFO - Entered get_data_transformer_object method of Transformation class
[ 2026-07-08 18:35:41,987 ] 54 root - INFO - Initialise KNNImputer with {'missing_values': nan, 'n_neighbors': 3, 'weights': 'uniform'}
[ 2026-07-08 18:35:42,003 ] 48 root - INFO - Entered the save_object method of MainUtils class
[ 2026-07-08 18:35:42,006 ] 52 root - INFO - Exited the save_object method of MainUtils class
[ 2026-07-08 18:35:42,006 ] 48 root - INFO - Entered the save_object method of MainUtils class
[ 2026-07-08 18:35:42,009 ] 52 root - INFO - Exited the save_object method of MainUtils class
[ 2026-07-08 18:35:42,011 ] 36 root - INFO - Data Transformation completed.
[ 2026-07-08 18:35:42,011 ] 38 root - INFO - Model Training stared
[ 2026-07-08 18:40:46,119 ] 94 root - INFO - Model Report: {'Random Forest': 0.9710661910424099, 'Decision Tree': 0.9649402390438248, 'Gradient Boosting': 0.9634630659253376, 'Logistic Regression': 0.9352290679304898, 'AdaBoost': 0.9319701140385371}
[ 2026-07-08 18:40:46,119 ] 103 root - INFO - Best Model: Random Forest with score 0.9710661910424099
[ 2026-07-08 18:42:57,259 ] 48 root - INFO - Entered the save_object method of MainUtils class
[ 2026-07-08 18:42:57,260 ] 52 root - INFO - Exited the save_object method of MainUtils class
[ 2026-07-08 18:42:57,260 ] 48 root - INFO - Entered the save_object method of MainUtils class
[ 2026-07-08 18:42:57,288 ] 52 root - INFO - Exited the save_object method of MainUtils class
[ 2026-07-08 18:42:57,288 ] 143 root - INFO - Model trainer artifact: ModelTrainerArtifact(trained_model_file_path='Artifacts\\07_08_2026_18_35_12\\model_trainer\\trained_model\\model.pkl', train_metric_artifact=ClassificationMetricArtifact(f1_score=0.9920683343502136, precision_score=0.9904568527918781, recall_score=0.9936850682420045), test_metric_artifact=ClassificationMetricArtifact(f1_score=0.9710661910424099, precision_score=0.9607843137254902, recall_score=0.9815705128205128))
[ 2026-07-08 18:42:57,293 ] 42 root - INFO - Model Training artifact created
